# JRE version: 7.0_25-b17
# Java VM: Java HotSpot(TM) 64-Bit Server VM (23.25-b01 mixed mode windows-amd64 compressed oops)
Heap
 PSYoungGen      total 60096K, used 55411K [0x00000007aaeb0000, 0x00000007b0240000, 0x0000000800000000)
  eden space 57920K, 91% used [0x00000007aaeb0000,0x00000007ae2b4198,0x00000007ae740000)
  from space 2176K, 98% used [0x00000007ae8a0000,0x00000007aeab8bf8,0x00000007aeac0000)
  to   space 13824K, 0% used [0x00000007af4c0000,0x00000007af4c0000,0x00000007b0240000)
 ParOldGen       total 174208K, used 5226K [0x0000000700c00000, 0x000000070b620000, 0x00000007aaeb0000)
  object space 174208K, 3% used [0x0000000700c00000,0x000000070111ab50,0x000000070b620000)
 PSPermGen       total 21248K, used 17028K [0x00000006fba00000, 0x00000006fcec0000, 0x0000000700c00000)
  object space 21248K, 80% used [0x00000006fba00000,0x00000006fcaa1038,0x00000006fcec0000)
GC Heap History (10 events):
Event: 53.637 GC heap before
{Heap before GC invocations=5 (full 0):
 PSYoungGen      total 76224K, used 70916K [0x00000007aaeb0000, 0x00000007b03c0000, 0x0000000800000000)
  eden space 65344K, 100% used [0x00000007aaeb0000,0x00000007aee80000,0x00000007aee80000)
  from space 10880K, 51% used [0x00000007af920000,0x00000007afe91258,0x00000007b03c0000)
  to   space 10880K, 0% used [0x00000007aee80000,0x00000007aee80000,0x00000007af920000)
 ParOldGen       total 174208K, used 983K [0x0000000700c00000, 0x000000070b620000, 0x00000007aaeb0000)
  object space 174208K, 0% used [0x0000000700c00000,0x0000000700cf5d40,0x000000070b620000)
 PSPermGen       total 21248K, used 16772K [0x00000006fba00000, 0x00000006fcec0000, 0x0000000700c00000)
  object space 21248K, 78% used [0x00000006fba00000,0x00000006fca613b8,0x00000006fcec0000)
Event: 53.644 GC heap after
Heap after GC invocations=5 (full 0):
 PSYoungGen      total 74624K, used 5799K [0x00000007aaeb0000, 0x00000007b0830000, 0x0000000800000000)
  eden space 63744K, 0% used [0x00000007aaeb0000,0x00000007aaeb0000,0x00000007aecf0000)
  from space 10880K, 53% used [0x00000007aee80000,0x00000007af429cb8,0x00000007af920000)
  to   space 13952K, 0% used [0x00000007afa90000,0x00000007afa90000,0x00000007b0830000)
 ParOldGen       total 174208K, used 991K [0x0000000700c00000, 0x000000070b620000, 0x00000007aaeb0000)
  object space 174208K, 0% used [0x0000000700c00000,0x0000000700cf7d40,0x000000070b620000)
 PSPermGen       total 21248K, used 16772K [0x00000006fba00000, 0x00000006fcec0000, 0x0000000700c00000)
  object space 21248K, 78% used [0x00000006fba00000,0x00000006fca613b8,0x00000006fcec0000)
}
Event: 106.061 GC heap before
{Heap before GC invocations=6 (full 0):
 PSYoungGen      total 74624K, used 69543K [0x00000007aaeb0000, 0x00000007b0830000, 0x0000000800000000)
  eden space 63744K, 100% used [0x00000007aaeb0000,0x00000007aecf0000,0x00000007aecf0000)
  from space 10880K, 53% used [0x00000007aee80000,0x00000007af429cb8,0x00000007af920000)
  to   space 13952K, 0% used [0x00000007afa90000,0x00000007afa90000,0x00000007b0830000)
 ParOldGen       total 174208K, used 991K [0x0000000700c00000, 0x000000070b620000, 0x00000007aaeb0000)
  object space 174208K, 0% used [0x0000000700c00000,0x0000000700cf7d40,0x000000070b620000)
 PSPermGen       total 21248K, used 16865K [0x00000006fba00000, 0x00000006fcec0000, 0x0000000700c00000)
  object space 21248K, 79% used [0x00000006fba00000,0x00000006fca785c8,0x00000006fcec0000)
Event: 106.068 GC heap after
Heap after GC invocations=6 (full 0):
 PSYoungGen      total 73344K, used 6568K [0x00000007aaeb0000, 0x00000007b0570000, 0x0000000800000000)
  eden space 62208K, 0% used [0x00000007aaeb0000,0x00000007aaeb0000,0x00000007aeb70000)
  from space 11136K, 58% used [0x00000007afa90000,0x00000007b00fa000,0x00000007b0570000)
  to   space 13312K, 0% used [0x00000007aeb70000,0x00000007aeb70000,0x00000007af870000)
 ParOldGen       total 174208K, used 999K [0x0000000700c00000, 0x000000070b620000, 0x00000007aaeb0000)
  object space 174208K, 0% used [0x0000000700c00000,0x0000000700cf9d40,0x000000070b620000)
 PSPermGen       total 21248K, used 16865K [0x00000006fba00000, 0x00000006fcec0000, 0x0000000700c00000)
  object space 21248K, 79% used [0x00000006fba00000,0x00000006fca785c8,0x00000006fcec0000)
}
Event: 120.000 GC heap before
{Heap before GC invocations=7 (full 0):
 PSYoungGen      total 73344K, used 68776K [0x00000007aaeb0000, 0x00000007b0570000, 0x0000000800000000)
  eden space 62208K, 100% used [0x00000007aaeb0000,0x00000007aeb70000,0x00000007aeb70000)
  from space 11136K, 58% used [0x00000007afa90000,0x00000007b00fa000,0x00000007b0570000)
  to   space 13312K, 0% used [0x00000007aeb70000,0x00000007aeb70000,0x00000007af870000)
 ParOldGen       total 174208K, used 999K [0x0000000700c00000, 0x000000070b620000, 0x00000007aaeb0000)
  object space 174208K, 0% used [0x0000000700c00000,0x0000000700cf9d40,0x000000070b620000)
 PSPermGen       total 21248K, used 16886K [0x00000006fba00000, 0x00000006fcec0000, 0x0000000700c00000)
  object space 21248K, 79% used [0x00000006fba00000,0x00000006fca7dbe8,0x00000006fcec0000)
Event: 120.010 GC heap after
Heap after GC invocations=7 (full 0):
 PSYoungGen      total 62976K, used 2240K [0x00000007aaeb0000, 0x00000007b04c0000, 0x0000000800000000)
  eden space 60736K, 0% used [0x00000007aaeb0000,0x00000007aaeb0000,0x00000007aea00000)
  from space 2240K, 100% used [0x00000007aeb70000,0x00000007aeda0000,0x00000007aeda0000)
  to   space 13696K, 0% used [0x00000007af760000,0x00000007af760000,0x00000007b04c0000)
 ParOldGen       total 174208K, used 4928K [0x0000000700c00000, 0x000000070b620000, 0x00000007aaeb0000)
  object space 174208K, 2% used [0x0000000700c00000,0x00000007010d00e0,0x000000070b620000)
 PSPermGen       total 21248K, used 16886K [0x00000006fba00000, 0x00000006fcec0000, 0x0000000700c00000)
  object space 21248K, 79% used [0x00000006fba00000,0x00000006fca7dbe8,0x00000006fcec0000)
}
Event: 205.419 GC heap before
{Heap before GC invocations=8 (full 0):
 PSYoungGen      total 62976K, used 62976K [0x00000007aaeb0000, 0x00000007b04c0000, 0x0000000800000000)
  eden space 60736K, 100% used [0x00000007aaeb0000,0x00000007aea00000,0x00000007aea00000)
  from space 2240K, 100% used [0x00000007aeb70000,0x00000007aeda0000,0x00000007aeda0000)
  to   space 13696K, 0% used [0x00000007af760000,0x00000007af760000,0x00000007b04c0000)
 ParOldGen       total 174208K, used 4928K [0x0000000700c00000, 0x000000070b620000, 0x00000007aaeb0000)
  object space 174208K, 2% used [0x0000000700c00000,0x00000007010d00e0,0x000000070b620000)
 PSPermGen       total 21248K, used 16914K [0x00000006fba00000, 0x00000006fcec0000, 0x0000000700c00000)
  object space 21248K, 79% used [0x00000006fba00000,0x00000006fca84b30,0x00000006fcec0000)
Event: 205.424 GC heap after
Heap after GC invocations=8 (full 0):
 PSYoungGen      total 72000K, used 1589K [0x00000007aaeb0000, 0x00000007b03c0000, 0x0000000800000000)
  eden space 59328K, 0% used [0x00000007aaeb0000,0x00000007aaeb0000,0x00000007ae8a0000)
  from space 12672K, 12% used [0x00000007af760000,0x00000007af8ed7c0,0x00000007b03c0000)
  to   space 13888K, 0% used [0x00000007ae8a0000,0x00000007ae8a0000,0x00000007af630000)
 ParOldGen       total 174208K, used 5162K [0x0000000700c00000, 0x000000070b620000, 0x00000007aaeb0000)
  object space 174208K, 2% used [0x0000000700c00000,0x000000070110ab50,0x000000070b620000)
 PSPermGen       total 21248K, used 16914K [0x00000006fba00000, 0x00000006fcec0000, 0x0000000700c00000)
  object space 21248K, 79% used [0x00000006fba00000,0x00000006fca84b30,0x00000006fcec0000)
}
Event: 236.603 GC heap before
{Heap before GC invocations=9 (full 0):
 PSYoungGen      total 72000K, used 60917K [0x00000007aaeb0000, 0x00000007b03c0000, 0x0000000800000000)
  eden space 59328K, 100% used [0x00000007aaeb0000,0x00000007ae8a0000,0x00000007ae8a0000)
  from space 12672K, 12% used [0x00000007af760000,0x00000007af8ed7c0,0x00000007b03c0000)
  to   space 13888K, 0% used [0x00000007ae8a0000,0x00000007ae8a0000,0x00000007af630000)
 ParOldGen       total 174208K, used 5162K [0x0000000700c00000, 0x000000070b620000, 0x00000007aaeb0000)
  object space 174208K, 2% used [0x0000000700c00000,0x000000070110ab50,0x000000070b620000)
 PSPermGen       total 21248K, used 16930K [0x00000006fba00000, 0x00000006fcec0000, 0x0000000700c00000)
  object space 21248K, 79% used [0x00000006fba00000,0x00000006fca88b58,0x00000006fcec0000)
Event: 236.605 GC heap after
Heap after GC invocations=9 (full 0):
 PSYoungGen      total 60096K, used 2146K [0x00000007aaeb0000, 0x00000007b0240000, 0x0000000800000000)
  eden space 57920K, 0% used [0x00000007aaeb0000,0x00000007aaeb0000,0x00000007ae740000)
  from space 2176K, 98% used [0x00000007ae8a0000,0x00000007aeab8bf8,0x00000007aeac0000)
  to   space 13824K, 0% used [0x00000007af4c0000,0x00000007af4c0000,0x00000007b0240000)
 ParOldGen       total 174208K, used 5226K [0x0000000700c00000, 0x000000070b620000, 0x00000007aaeb0000)
  object space 174208K, 3% used [0x0000000700c00000,0x000000070111ab50,0x000000070b620000)
 PSPermGen       total 21248K, used 16930K [0x00000006fba00000, 0x00000006fcec0000, 0x0000000700c00000)
  object space 21248K, 79% used [0x00000006fba00000,0x00000006fca88b58,0x00000006fcec0000)
}

