# JRE version: 7.0_25-b17
# Java VM: Java HotSpot(TM) 64-Bit Server VM (23.25-b01 mixed mode windows-amd64 compressed oops)
Heap
 PSYoungGen      total 217536K, used 37920K [0x00000007aaeb0000, 0x00000007bf5c0000, 0x0000000800000000)
  eden space 212928K, 15% used [0x00000007aaeb0000,0x00000007acf46900,0x00000007b7ea0000)
  from space 4608K, 98% used [0x00000007be250000,0x00000007be6c1810,0x00000007be6d0000)
  to   space 11456K, 0% used [0x00000007bea90000,0x00000007bea90000,0x00000007bf5c0000)
 ParOldGen       total 174208K, used 24546K [0x0000000700c00000, 0x000000070b620000, 0x00000007aaeb0000)
  object space 174208K, 14% used [0x0000000700c00000,0x00000007023f8b98,0x000000070b620000)
 PSPermGen       total 21248K, used 17180K [0x00000006fba00000, 0x00000006fcec0000, 0x0000000700c00000)
  object space 21248K, 80% used [0x00000006fba00000,0x00000006fcac7050,0x00000006fcec0000)
GC Heap History (10 events):
Event: 1492.592 GC heap before
{Heap before GC invocations=15 (full 0):
 PSYoungGen      total 156416K, used 149909K [0x00000007aaeb0000, 0x00000007b54b0000, 0x0000000800000000)
  eden space 144000K, 100% used [0x00000007aaeb0000,0x00000007b3b50000,0x00000007b3b50000)
  from space 12416K, 47% used [0x00000007b4890000,0x00000007b4e55448,0x00000007b54b0000)
  to   space 12992K, 0% used [0x00000007b3b50000,0x00000007b3b50000,0x00000007b4800000)
 ParOldGen       total 174208K, used 23503K [0x0000000700c00000, 0x000000070b620000, 0x00000007aaeb0000)
  object space 174208K, 13% used [0x0000000700c00000,0x00000007022f3f80,0x000000070b620000)
 PSPermGen       total 21248K, used 17102K [0x00000006fba00000, 0x00000006fcec0000, 0x0000000700c00000)
  object space 21248K, 80% used [0x00000006fba00000,0x00000006fcab3bb8,0x00000006fcec0000)
Event: 1492.597 GC heap after
Heap after GC invocations=15 (full 0):
 PSYoungGen      total 156992K, used 2251K [0x00000007aaeb0000, 0x00000007ba950000, 0x0000000800000000)
  eden space 144000K, 0% used [0x00000007aaeb0000,0x00000007aaeb0000,0x00000007b3b50000)
  from space 12992K, 17% used [0x00000007b3b50000,0x00000007b3d82e70,0x00000007b4800000)
  to   space 13120K, 0% used [0x00000007b9c80000,0x00000007b9c80000,0x00000007ba950000)
 ParOldGen       total 174208K, used 23639K [0x0000000700c00000, 0x000000070b620000, 0x00000007aaeb0000)
  object space 174208K, 13% used [0x0000000700c00000,0x0000000702315f80,0x000000070b620000)
 PSPermGen       total 21248K, used 17102K [0x00000006fba00000, 0x00000006fcec0000, 0x0000000700c00000)
  object space 21248K, 80% used [0x00000006fba00000,0x00000006fcab3bb8,0x00000006fcec0000)
}
Event: 3123.064 GC heap before
{Heap before GC invocations=16 (full 0):
 PSYoungGen      total 156992K, used 146251K [0x00000007aaeb0000, 0x00000007ba950000, 0x0000000800000000)
  eden space 144000K, 100% used [0x00000007aaeb0000,0x00000007b3b50000,0x00000007b3b50000)
  from space 12992K, 17% used [0x00000007b3b50000,0x00000007b3d82e70,0x00000007b4800000)
  to   space 13120K, 0% used [0x00000007b9c80000,0x00000007b9c80000,0x00000007ba950000)
 ParOldGen       total 174208K, used 23639K [0x0000000700c00000, 0x000000070b620000, 0x00000007aaeb0000)
  object space 174208K, 13% used [0x0000000700c00000,0x0000000702315f80,0x000000070b620000)
 PSPermGen       total 21248K, used 17123K [0x00000006fba00000, 0x00000006fcec0000, 0x0000000700c00000)
  object space 21248K, 80% used [0x00000006fba00000,0x00000006fcab8d00,0x00000006fcec0000)
Event: 3123.073 GC heap after
Heap after GC invocations=16 (full 0):
 PSYoungGen      total 243136K, used 2992K [0x00000007aaeb0000, 0x00000007ba8f0000, 0x0000000800000000)
  eden space 230400K, 0% used [0x00000007aaeb0000,0x00000007aaeb0000,0x00000007b8fb0000)
  from space 12736K, 23% used [0x00000007b9c80000,0x00000007b9f6c358,0x00000007ba8f0000)
  to   space 12928K, 0% used [0x00000007b8fb0000,0x00000007b8fb0000,0x00000007b9c50000)
 ParOldGen       total 174208K, used 23948K [0x0000000700c00000, 0x000000070b620000, 0x00000007aaeb0000)
  object space 174208K, 13% used [0x0000000700c00000,0x0000000702363360,0x000000070b620000)
 PSPermGen       total 21248K, used 17123K [0x00000006fba00000, 0x00000006fcec0000, 0x0000000700c00000)
  object space 21248K, 80% used [0x00000006fba00000,0x00000006fcab8d00,0x00000006fcec0000)
}
Event: 3626.749 GC heap before
{Heap before GC invocations=17 (full 0):
 PSYoungGen      total 243136K, used 233392K [0x00000007aaeb0000, 0x00000007ba8f0000, 0x0000000800000000)
  eden space 230400K, 100% used [0x00000007aaeb0000,0x00000007b8fb0000,0x00000007b8fb0000)
  from space 12736K, 23% used [0x00000007b9c80000,0x00000007b9f6c358,0x00000007ba8f0000)
  to   space 12928K, 0% used [0x00000007b8fb0000,0x00000007b8fb0000,0x00000007b9c50000)
 ParOldGen       total 174208K, used 23948K [0x0000000700c00000, 0x000000070b620000, 0x00000007aaeb0000)
  object space 174208K, 13% used [0x0000000700c00000,0x0000000702363360,0x000000070b620000)
 PSPermGen       total 21248K, used 17146K [0x00000006fba00000, 0x00000006fcec0000, 0x0000000700c00000)
  object space 21248K, 80% used [0x00000006fba00000,0x00000006fcabea58,0x00000006fcec0000)
Event: 3626.757 GC heap after
Heap after GC invocations=17 (full 0):
 PSYoungGen      total 243328K, used 5340K [0x00000007aaeb0000, 0x00000007c01b0000, 0x0000000800000000)
  eden space 230400K, 0% used [0x00000007aaeb0000,0x00000007aaeb0000,0x00000007b8fb0000)
  from space 12928K, 41% used [0x00000007b8fb0000,0x00000007b94e7298,0x00000007b9c50000)
  to   space 12288K, 0% used [0x00000007bf5b0000,0x00000007bf5b0000,0x00000007c01b0000)
 ParOldGen       total 174208K, used 24149K [0x0000000700c00000, 0x000000070b620000, 0x00000007aaeb0000)
  object space 174208K, 13% used [0x0000000700c00000,0x00000007023954d0,0x000000070b620000)
 PSPermGen       total 21248K, used 17146K [0x00000006fba00000, 0x00000006fcec0000, 0x0000000700c00000)
  object space 21248K, 80% used [0x00000006fba00000,0x00000006fcabea58,0x00000006fcec0000)
}
Event: 4145.020 GC heap before
{Heap before GC invocations=18 (full 0):
 PSYoungGen      total 243328K, used 235740K [0x00000007aaeb0000, 0x00000007c01b0000, 0x0000000800000000)
  eden space 230400K, 100% used [0x00000007aaeb0000,0x00000007b8fb0000,0x00000007b8fb0000)
  from space 12928K, 41% used [0x00000007b8fb0000,0x00000007b94e7298,0x00000007b9c50000)
  to   space 12288K, 0% used [0x00000007bf5b0000,0x00000007bf5b0000,0x00000007c01b0000)
 ParOldGen       total 174208K, used 24149K [0x0000000700c00000, 0x000000070b620000, 0x00000007aaeb0000)
  object space 174208K, 13% used [0x0000000700c00000,0x00000007023954d0,0x000000070b620000)
 PSPermGen       total 21248K, used 17160K [0x00000006fba00000, 0x00000006fcec0000, 0x0000000700c00000)
  object space 21248K, 80% used [0x00000006fba00000,0x00000006fcac22c0,0x00000006fcec0000)
Event: 4145.031 GC heap after
Heap after GC invocations=18 (full 0):
 PSYoungGen      total 225536K, used 4035K [0x00000007aaeb0000, 0x00000007bf9b0000, 0x0000000800000000)
  eden space 221440K, 0% used [0x00000007aaeb0000,0x00000007aaeb0000,0x00000007b86f0000)
  from space 4096K, 98% used [0x00000007bf5b0000,0x00000007bf9a0ff8,0x00000007bf9b0000)
  to   space 11968K, 0% used [0x00000007be250000,0x00000007be250000,0x00000007bee00000)
 ParOldGen       total 174208K, used 24361K [0x0000000700c00000, 0x000000070b620000, 0x00000007aaeb0000)
  object space 174208K, 13% used [0x0000000700c00000,0x00000007023ca708,0x000000070b620000)
 PSPermGen       total 21248K, used 17160K [0x00000006fba00000, 0x00000006fcec0000, 0x0000000700c00000)
  object space 21248K, 80% used [0x00000006fba00000,0x00000006fcac22c0,0x00000006fcec0000)
}
Event: 4635.230 GC heap before
{Heap before GC invocations=19 (full 0):
 PSYoungGen      total 225536K, used 225475K [0x00000007aaeb0000, 0x00000007bf9b0000, 0x0000000800000000)
  eden space 221440K, 100% used [0x00000007aaeb0000,0x00000007b86f0000,0x00000007b86f0000)
  from space 4096K, 98% used [0x00000007bf5b0000,0x00000007bf9a0ff8,0x00000007bf9b0000)
  to   space 11968K, 0% used [0x00000007be250000,0x00000007be250000,0x00000007bee00000)
 ParOldGen       total 174208K, used 24361K [0x0000000700c00000, 0x000000070b620000, 0x00000007aaeb0000)
  object space 174208K, 13% used [0x0000000700c00000,0x00000007023ca708,0x000000070b620000)
 PSPermGen       total 21248K, used 17173K [0x00000006fba00000, 0x00000006fcec0000, 0x0000000700c00000)
  object space 21248K, 80% used [0x00000006fba00000,0x00000006fcac5678,0x00000006fcec0000)
Event: 4635.236 GC heap after
Heap after GC invocations=19 (full 0):
 PSYoungGen      total 217536K, used 4550K [0x00000007aaeb0000, 0x00000007bf5c0000, 0x0000000800000000)
  eden space 212928K, 0% used [0x00000007aaeb0000,0x00000007aaeb0000,0x00000007b7ea0000)
  from space 4608K, 98% used [0x00000007be250000,0x00000007be6c1810,0x00000007be6d0000)
  to   space 11456K, 0% used [0x00000007bea90000,0x00000007bea90000,0x00000007bf5c0000)
 ParOldGen       total 174208K, used 24546K [0x0000000700c00000, 0x000000070b620000, 0x00000007aaeb0000)
  object space 174208K, 14% used [0x0000000700c00000,0x00000007023f8b98,0x000000070b620000)
 PSPermGen       total 21248K, used 17173K [0x00000006fba00000, 0x00000006fcec0000, 0x0000000700c00000)
  object space 21248K, 80% used [0x00000006fba00000,0x00000006fcac5678,0x00000006fcec0000)
}

