# JRE version: 7.0_25-b17
# Java VM: Java HotSpot(TM) 64-Bit Server VM (23.25-b01 mixed mode windows-amd64 compressed oops)
Heap
 PSYoungGen      total 72512K, used 54874K [0x00000007aaeb0000, 0x00000007b0500000, 0x0000000800000000)
  eden space 59328K, 89% used [0x00000007aaeb0000,0x00000007ae2a5e20,0x00000007ae8a0000)
  from space 13184K, 12% used [0x00000007af820000,0x00000007af9c0d40,0x00000007b0500000)
  to   space 14528K, 0% used [0x00000007ae8a0000,0x00000007ae8a0000,0x00000007af6d0000)
 ParOldGen       total 174208K, used 5571K [0x0000000700c00000, 0x000000070b620000, 0x00000007aaeb0000)
  object space 174208K, 3% used [0x0000000700c00000,0x0000000701170d30,0x000000070b620000)
 PSPermGen       total 21248K, used 17016K [0x00000006fba00000, 0x00000006fcec0000, 0x0000000700c00000)
  object space 21248K, 80% used [0x00000006fba00000,0x00000006fca9e038,0x00000006fcec0000)
GC Heap History (10 events):
Event: 19.543 GC heap before
{Heap before GC invocations=4 (full 0):
 PSYoungGen      total 76224K, used 76219K [0x00000007aaeb0000, 0x00000007b03c0000, 0x0000000800000000)
  eden space 65344K, 100% used [0x00000007aaeb0000,0x00000007aee80000,0x00000007aee80000)
  from space 10880K, 99% used [0x00000007aee80000,0x00000007af91efa8,0x00000007af920000)
  to   space 10880K, 0% used [0x00000007af920000,0x00000007af920000,0x00000007b03c0000)
 ParOldGen       total 174208K, used 1350K [0x0000000700c00000, 0x000000070b620000, 0x00000007aaeb0000)
  object space 174208K, 0% used [0x0000000700c00000,0x0000000700d51b28,0x000000070b620000)
 PSPermGen       total 21248K, used 16698K [0x00000006fba00000, 0x00000006fcec0000, 0x0000000700c00000)
  object space 21248K, 78% used [0x00000006fba00000,0x00000006fca4e930,0x00000006fcec0000)
Event: 19.552 GC heap after
Heap after GC invocations=4 (full 0):
 PSYoungGen      total 76224K, used 5311K [0x00000007aaeb0000, 0x00000007b03c0000, 0x0000000800000000)
  eden space 65344K, 0% used [0x00000007aaeb0000,0x00000007aaeb0000,0x00000007aee80000)
  from space 10880K, 48% used [0x00000007af920000,0x00000007afe4fd18,0x00000007b03c0000)
  to   space 10880K, 0% used [0x00000007aee80000,0x00000007aee80000,0x00000007af920000)
 ParOldGen       total 174208K, used 1358K [0x0000000700c00000, 0x000000070b620000, 0x00000007aaeb0000)
  object space 174208K, 0% used [0x0000000700c00000,0x0000000700d53b28,0x000000070b620000)
 PSPermGen       total 21248K, used 16698K [0x00000006fba00000, 0x00000006fcec0000, 0x0000000700c00000)
  object space 21248K, 78% used [0x00000006fba00000,0x00000006fca4e930,0x00000006fcec0000)
}
Event: 20.993 GC heap before
{Heap before GC invocations=5 (full 0):
 PSYoungGen      total 76224K, used 70655K [0x00000007aaeb0000, 0x00000007b03c0000, 0x0000000800000000)
  eden space 65344K, 100% used [0x00000007aaeb0000,0x00000007aee80000,0x00000007aee80000)
  from space 10880K, 48% used [0x00000007af920000,0x00000007afe4fd18,0x00000007b03c0000)
  to   space 10880K, 0% used [0x00000007aee80000,0x00000007aee80000,0x00000007af920000)
 ParOldGen       total 174208K, used 1358K [0x0000000700c00000, 0x000000070b620000, 0x00000007aaeb0000)
  object space 174208K, 0% used [0x0000000700c00000,0x0000000700d53b28,0x000000070b620000)
 PSPermGen       total 21248K, used 16715K [0x00000006fba00000, 0x00000006fcec0000, 0x0000000700c00000)
  object space 21248K, 78% used [0x00000006fba00000,0x00000006fca52e40,0x00000006fcec0000)
Event: 21.001 GC heap after
Heap after GC invocations=5 (full 0):
 PSYoungGen      total 74624K, used 5821K [0x00000007aaeb0000, 0x00000007b08f0000, 0x0000000800000000)
  eden space 63744K, 0% used [0x00000007aaeb0000,0x00000007aaeb0000,0x00000007aecf0000)
  from space 10880K, 53% used [0x00000007aee80000,0x00000007af42f5d8,0x00000007af920000)
  to   space 14336K, 0% used [0x00000007afaf0000,0x00000007afaf0000,0x00000007b08f0000)
 ParOldGen       total 174208K, used 1366K [0x0000000700c00000, 0x000000070b620000, 0x00000007aaeb0000)
  object space 174208K, 0% used [0x0000000700c00000,0x0000000700d55b28,0x000000070b620000)
 PSPermGen       total 21248K, used 16715K [0x00000006fba00000, 0x00000006fcec0000, 0x0000000700c00000)
  object space 21248K, 78% used [0x00000006fba00000,0x00000006fca52e40,0x00000006fcec0000)
}
Event: 24.461 GC heap before
{Heap before GC invocations=6 (full 0):
 PSYoungGen      total 74624K, used 69565K [0x00000007aaeb0000, 0x00000007b08f0000, 0x0000000800000000)
  eden space 63744K, 100% used [0x00000007aaeb0000,0x00000007aecf0000,0x00000007aecf0000)
  from space 10880K, 53% used [0x00000007aee80000,0x00000007af42f5d8,0x00000007af920000)
  to   space 14336K, 0% used [0x00000007afaf0000,0x00000007afaf0000,0x00000007b08f0000)
 ParOldGen       total 174208K, used 1366K [0x0000000700c00000, 0x000000070b620000, 0x00000007aaeb0000)
  object space 174208K, 0% used [0x0000000700c00000,0x0000000700d55b28,0x000000070b620000)
 PSPermGen       total 21248K, used 16737K [0x00000006fba00000, 0x00000006fcec0000, 0x0000000700c00000)
  object space 21248K, 78% used [0x00000006fba00000,0x00000006fca58538,0x00000006fcec0000)
Event: 24.472 GC heap after
Heap after GC invocations=6 (full 0):
 PSYoungGen      total 74368K, used 5085K [0x00000007aaeb0000, 0x00000007b06d0000, 0x0000000800000000)
  eden space 62208K, 0% used [0x00000007aaeb0000,0x00000007aaeb0000,0x00000007aeb70000)
  from space 12160K, 41% used [0x00000007afaf0000,0x00000007affe7498,0x00000007b06d0000)
  to   space 14016K, 0% used [0x00000007aeb70000,0x00000007aeb70000,0x00000007af920000)
 ParOldGen       total 174208K, used 1374K [0x0000000700c00000, 0x000000070b620000, 0x00000007aaeb0000)
  object space 174208K, 0% used [0x0000000700c00000,0x0000000700d57b28,0x000000070b620000)
 PSPermGen       total 21248K, used 16737K [0x00000006fba00000, 0x00000006fcec0000, 0x0000000700c00000)
  object space 21248K, 78% used [0x00000006fba00000,0x00000006fca58538,0x00000006fcec0000)
}
Event: 53.048 GC heap before
{Heap before GC invocations=7 (full 0):
 PSYoungGen      total 74368K, used 67293K [0x00000007aaeb0000, 0x00000007b06d0000, 0x0000000800000000)
  eden space 62208K, 100% used [0x00000007aaeb0000,0x00000007aeb70000,0x00000007aeb70000)
  from space 12160K, 41% used [0x00000007afaf0000,0x00000007affe7498,0x00000007b06d0000)
  to   space 14016K, 0% used [0x00000007aeb70000,0x00000007aeb70000,0x00000007af920000)
 ParOldGen       total 174208K, used 1374K [0x0000000700c00000, 0x000000070b620000, 0x00000007aaeb0000)
  object space 174208K, 0% used [0x0000000700c00000,0x0000000700d57b28,0x000000070b620000)
 PSPermGen       total 21248K, used 16823K [0x00000006fba00000, 0x00000006fcec0000, 0x0000000700c00000)
  object space 21248K, 79% used [0x00000006fba00000,0x00000006fca6dfc8,0x00000006fcec0000)
Event: 53.063 GC heap after
Heap after GC invocations=7 (full 0):
 PSYoungGen      total 62080K, used 1329K [0x00000007aaeb0000, 0x00000007b0640000, 0x0000000800000000)
  eden space 60736K, 0% used [0x00000007aaeb0000,0x00000007aaeb0000,0x00000007aea00000)
  from space 1344K, 98% used [0x00000007aeb70000,0x00000007aecbc7f0,0x00000007aecc0000)
  to   space 14464K, 0% used [0x00000007af820000,0x00000007af820000,0x00000007b0640000)
 ParOldGen       total 174208K, used 5331K [0x0000000700c00000, 0x000000070b620000, 0x00000007aaeb0000)
  object space 174208K, 3% used [0x0000000700c00000,0x0000000701134d30,0x000000070b620000)
 PSPermGen       total 21248K, used 16823K [0x00000006fba00000, 0x00000006fcec0000, 0x0000000700c00000)
  object space 21248K, 79% used [0x00000006fba00000,0x00000006fca6dfc8,0x00000006fcec0000)
}
Event: 113.297 GC heap before
{Heap before GC invocations=8 (full 0):
 PSYoungGen      total 62080K, used 62065K [0x00000007aaeb0000, 0x00000007b0640000, 0x0000000800000000)
  eden space 60736K, 100% used [0x00000007aaeb0000,0x00000007aea00000,0x00000007aea00000)
  from space 1344K, 98% used [0x00000007aeb70000,0x00000007aecbc7f0,0x00000007aecc0000)
  to   space 14464K, 0% used [0x00000007af820000,0x00000007af820000,0x00000007b0640000)
 ParOldGen       total 174208K, used 5331K [0x0000000700c00000, 0x000000070b620000, 0x00000007aaeb0000)
  object space 174208K, 3% used [0x0000000700c00000,0x0000000701134d30,0x000000070b620000)
 PSPermGen       total 21248K, used 16872K [0x00000006fba00000, 0x00000006fcec0000, 0x0000000700c00000)
  object space 21248K, 79% used [0x00000006fba00000,0x00000006fca7a3f8,0x00000006fcec0000)
Event: 113.302 GC heap after
Heap after GC invocations=8 (full 0):
 PSYoungGen      total 72512K, used 1667K [0x00000007aaeb0000, 0x00000007b0500000, 0x0000000800000000)
  eden space 59328K, 0% used [0x00000007aaeb0000,0x00000007aaeb0000,0x00000007ae8a0000)
  from space 13184K, 12% used [0x00000007af820000,0x00000007af9c0d40,0x00000007b0500000)
  to   space 14528K, 0% used [0x00000007ae8a0000,0x00000007ae8a0000,0x00000007af6d0000)
 ParOldGen       total 174208K, used 5571K [0x0000000700c00000, 0x000000070b620000, 0x00000007aaeb0000)
  object space 174208K, 3% used [0x0000000700c00000,0x0000000701170d30,0x000000070b620000)
 PSPermGen       total 21248K, used 16872K [0x00000006fba00000, 0x00000006fcec0000, 0x0000000700c00000)
  object space 21248K, 79% used [0x00000006fba00000,0x00000006fca7a3f8,0x00000006fcec0000)
}

