# JRE version: 7.0_25-b17
# Java VM: Java HotSpot(TM) 64-Bit Server VM (23.25-b01 mixed mode windows-amd64 compressed oops)
Heap
 PSYoungGen      total 62272K, used 4757K [0x00000007aaeb0000, 0x00000007b0420000, 0x0000000800000000)
  eden space 60736K, 5% used [0x00000007aaeb0000,0x00000007ab1dd338,0x00000007aea00000)
  from space 1536K, 97% used [0x00000007aeb70000,0x00000007aece84a0,0x00000007aecf0000)
  to   space 13376K, 0% used [0x00000007af710000,0x00000007af710000,0x00000007b0420000)
 ParOldGen       total 174208K, used 8277K [0x0000000700c00000, 0x000000070b620000, 0x00000007aaeb0000)
  object space 174208K, 4% used [0x0000000700c00000,0x00000007014157b8,0x000000070b620000)
 PSPermGen       total 21248K, used 16892K [0x00000006fba00000, 0x00000006fcec0000, 0x0000000700c00000)
  object space 21248K, 79% used [0x00000006fba00000,0x00000006fca7f0f0,0x00000006fcec0000)
GC Heap History (10 events):
Event: 26.073 GC heap before
{Heap before GC invocations=3 (full 0):
 PSYoungGen      total 76224K, used 71854K [0x00000007aaeb0000, 0x00000007b03c0000, 0x0000000800000000)
  eden space 65344K, 100% used [0x00000007aaeb0000,0x00000007aee80000,0x00000007aee80000)
  from space 10880K, 59% used [0x00000007af920000,0x00000007aff7b9c8,0x00000007b03c0000)
  to   space 10880K, 0% used [0x00000007aee80000,0x00000007aee80000,0x00000007af920000)
 ParOldGen       total 174208K, used 2681K [0x0000000700c00000, 0x000000070b620000, 0x00000007aaeb0000)
  object space 174208K, 1% used [0x0000000700c00000,0x0000000700e9e458,0x000000070b620000)
 PSPermGen       total 21248K, used 16707K [0x00000006fba00000, 0x00000006fcec0000, 0x0000000700c00000)
  object space 21248K, 78% used [0x00000006fba00000,0x00000006fca50ff0,0x00000006fcec0000)
Event: 26.083 GC heap after
Heap after GC invocations=3 (full 0):
 PSYoungGen      total 76224K, used 6946K [0x00000007aaeb0000, 0x00000007b03c0000, 0x0000000800000000)
  eden space 65344K, 0% used [0x00000007aaeb0000,0x00000007aaeb0000,0x00000007aee80000)
  from space 10880K, 63% used [0x00000007aee80000,0x00000007af548b68,0x00000007af920000)
  to   space 10880K, 0% used [0x00000007af920000,0x00000007af920000,0x00000007b03c0000)
 ParOldGen       total 174208K, used 2689K [0x0000000700c00000, 0x000000070b620000, 0x00000007aaeb0000)
  object space 174208K, 1% used [0x0000000700c00000,0x0000000700ea0458,0x000000070b620000)
 PSPermGen       total 21248K, used 16707K [0x00000006fba00000, 0x00000006fcec0000, 0x0000000700c00000)
  object space 21248K, 78% used [0x00000006fba00000,0x00000006fca50ff0,0x00000006fcec0000)
}
Event: 89.363 GC heap before
{Heap before GC invocations=4 (full 0):
 PSYoungGen      total 76224K, used 72290K [0x00000007aaeb0000, 0x00000007b03c0000, 0x0000000800000000)
  eden space 65344K, 100% used [0x00000007aaeb0000,0x00000007aee80000,0x00000007aee80000)
  from space 10880K, 63% used [0x00000007aee80000,0x00000007af548b68,0x00000007af920000)
  to   space 10880K, 0% used [0x00000007af920000,0x00000007af920000,0x00000007b03c0000)
 ParOldGen       total 174208K, used 2689K [0x0000000700c00000, 0x000000070b620000, 0x00000007aaeb0000)
  object space 174208K, 1% used [0x0000000700c00000,0x0000000700ea0458,0x000000070b620000)
 PSPermGen       total 21248K, used 16808K [0x00000006fba00000, 0x00000006fcec0000, 0x0000000700c00000)
  object space 21248K, 79% used [0x00000006fba00000,0x00000006fca6a220,0x00000006fcec0000)
Event: 89.378 GC heap after
Heap after GC invocations=4 (full 0):
 PSYoungGen      total 76224K, used 6927K [0x00000007aaeb0000, 0x00000007b03c0000, 0x0000000800000000)
  eden space 65344K, 0% used [0x00000007aaeb0000,0x00000007aaeb0000,0x00000007aee80000)
  from space 10880K, 63% used [0x00000007af920000,0x00000007affe3c28,0x00000007b03c0000)
  to   space 10880K, 0% used [0x00000007aee80000,0x00000007aee80000,0x00000007af920000)
 ParOldGen       total 174208K, used 2697K [0x0000000700c00000, 0x000000070b620000, 0x00000007aaeb0000)
  object space 174208K, 1% used [0x0000000700c00000,0x0000000700ea2458,0x000000070b620000)
 PSPermGen       total 21248K, used 16808K [0x00000006fba00000, 0x00000006fcec0000, 0x0000000700c00000)
  object space 21248K, 79% used [0x00000006fba00000,0x00000006fca6a220,0x00000006fcec0000)
}
Event: 102.190 GC heap before
{Heap before GC invocations=5 (full 0):
 PSYoungGen      total 76224K, used 72271K [0x00000007aaeb0000, 0x00000007b03c0000, 0x0000000800000000)
  eden space 65344K, 100% used [0x00000007aaeb0000,0x00000007aee80000,0x00000007aee80000)
  from space 10880K, 63% used [0x00000007af920000,0x00000007affe3c28,0x00000007b03c0000)
  to   space 10880K, 0% used [0x00000007aee80000,0x00000007aee80000,0x00000007af920000)
 ParOldGen       total 174208K, used 2697K [0x0000000700c00000, 0x000000070b620000, 0x00000007aaeb0000)
  object space 174208K, 1% used [0x0000000700c00000,0x0000000700ea2458,0x000000070b620000)
 PSPermGen       total 21248K, used 16832K [0x00000006fba00000, 0x00000006fcec0000, 0x0000000700c00000)
  object space 21248K, 79% used [0x00000006fba00000,0x00000006fca70368,0x00000006fcec0000)
Event: 102.210 GC heap after
Heap after GC invocations=5 (full 0):
 PSYoungGen      total 74624K, used 7564K [0x00000007aaeb0000, 0x00000007b0670000, 0x0000000800000000)
  eden space 63744K, 0% used [0x00000007aaeb0000,0x00000007aaeb0000,0x00000007aecf0000)
  from space 10880K, 69% used [0x00000007aee80000,0x00000007af5e3360,0x00000007af920000)
  to   space 13056K, 0% used [0x00000007af9b0000,0x00000007af9b0000,0x00000007b0670000)
 ParOldGen       total 174208K, used 2705K [0x0000000700c00000, 0x000000070b620000, 0x00000007aaeb0000)
  object space 174208K, 1% used [0x0000000700c00000,0x0000000700ea4458,0x000000070b620000)
 PSPermGen       total 21248K, used 16832K [0x00000006fba00000, 0x00000006fcec0000, 0x0000000700c00000)
  object space 21248K, 79% used [0x00000006fba00000,0x00000006fca70368,0x00000006fcec0000)
}
Event: 124.982 GC heap before
{Heap before GC invocations=6 (full 0):
 PSYoungGen      total 74624K, used 71308K [0x00000007aaeb0000, 0x00000007b0670000, 0x0000000800000000)
  eden space 63744K, 100% used [0x00000007aaeb0000,0x00000007aecf0000,0x00000007aecf0000)
  from space 10880K, 69% used [0x00000007aee80000,0x00000007af5e3360,0x00000007af920000)
  to   space 13056K, 0% used [0x00000007af9b0000,0x00000007af9b0000,0x00000007b0670000)
 ParOldGen       total 174208K, used 2705K [0x0000000700c00000, 0x000000070b620000, 0x00000007aaeb0000)
  object space 174208K, 1% used [0x0000000700c00000,0x0000000700ea4458,0x000000070b620000)
 PSPermGen       total 21248K, used 16870K [0x00000006fba00000, 0x00000006fcec0000, 0x0000000700c00000)
  object space 21248K, 79% used [0x00000006fba00000,0x00000006fca798e0,0x00000006fcec0000)
Event: 125.003 GC heap after
Heap after GC invocations=6 (full 0):
 PSYoungGen      total 72576K, used 7512K [0x00000007aaeb0000, 0x00000007b03d0000, 0x0000000800000000)
  eden space 62208K, 0% used [0x00000007aaeb0000,0x00000007aaeb0000,0x00000007aeb70000)
  from space 10368K, 72% used [0x00000007af9b0000,0x00000007b01063d0,0x00000007b03d0000)
  to   space 12480K, 0% used [0x00000007aeb70000,0x00000007aeb70000,0x00000007af7a0000)
 ParOldGen       total 174208K, used 2713K [0x0000000700c00000, 0x000000070b620000, 0x00000007aaeb0000)
  object space 174208K, 1% used [0x0000000700c00000,0x0000000700ea6458,0x000000070b620000)
 PSPermGen       total 21248K, used 16870K [0x00000006fba00000, 0x00000006fcec0000, 0x0000000700c00000)
  object space 21248K, 79% used [0x00000006fba00000,0x00000006fca798e0,0x00000006fcec0000)
}
Event: 171.737 GC heap before
{Heap before GC invocations=7 (full 0):
 PSYoungGen      total 72576K, used 69720K [0x00000007aaeb0000, 0x00000007b03d0000, 0x0000000800000000)
  eden space 62208K, 100% used [0x00000007aaeb0000,0x00000007aeb70000,0x00000007aeb70000)
  from space 10368K, 72% used [0x00000007af9b0000,0x00000007b01063d0,0x00000007b03d0000)
  to   space 12480K, 0% used [0x00000007aeb70000,0x00000007aeb70000,0x00000007af7a0000)
 ParOldGen       total 174208K, used 2713K [0x0000000700c00000, 0x000000070b620000, 0x00000007aaeb0000)
  object space 174208K, 1% used [0x0000000700c00000,0x0000000700ea6458,0x000000070b620000)
 PSPermGen       total 21248K, used 16892K [0x00000006fba00000, 0x00000006fcec0000, 0x0000000700c00000)
  object space 21248K, 79% used [0x00000006fba00000,0x00000006fca7f018,0x00000006fcec0000)
Event: 171.760 GC heap after
Heap after GC invocations=7 (full 0):
 PSYoungGen      total 62272K, used 1505K [0x00000007aaeb0000, 0x00000007b0420000, 0x0000000800000000)
  eden space 60736K, 0% used [0x00000007aaeb0000,0x00000007aaeb0000,0x00000007aea00000)
  from space 1536K, 97% used [0x00000007aeb70000,0x00000007aece84a0,0x00000007aecf0000)
  to   space 13376K, 0% used [0x00000007af710000,0x00000007af710000,0x00000007b0420000)
 ParOldGen       total 174208K, used 8277K [0x0000000700c00000, 0x000000070b620000, 0x00000007aaeb0000)
  object space 174208K, 4% used [0x0000000700c00000,0x00000007014157b8,0x000000070b620000)
 PSPermGen       total 21248K, used 16892K [0x00000006fba00000, 0x00000006fcec0000, 0x0000000700c00000)
  object space 21248K, 79% used [0x00000006fba00000,0x00000006fca7f018,0x00000006fcec0000)
}

