# JRE version: 7.0_25-b17
# Java VM: Java HotSpot(TM) 64-Bit Server VM (23.25-b01 mixed mode windows-amd64 compressed oops)
Heap
 PSYoungGen      total 62592K, used 22159K [0x00000007aaeb0000, 0x00000007b0600000, 0x0000000800000000)
  eden space 60736K, 33% used [0x00000007aaeb0000,0x00000007ac287ca8,0x00000007aea00000)
  from space 1856K, 99% used [0x00000007aeb70000,0x00000007aed3c110,0x00000007aed40000)
  to   space 14336K, 0% used [0x00000007af800000,0x00000007af800000,0x00000007b0600000)
 ParOldGen       total 174208K, used 7400K [0x0000000700c00000, 0x000000070b620000, 0x00000007aaeb0000)
  object space 174208K, 4% used [0x0000000700c00000,0x000000070133a238,0x000000070b620000)
 PSPermGen       total 21248K, used 16829K [0x00000006fba00000, 0x00000006fcec0000, 0x0000000700c00000)
  object space 21248K, 79% used [0x00000006fba00000,0x00000006fca6f690,0x00000006fcec0000)
GC Heap History (10 events):
Event: 11.488 GC heap before
{Heap before GC invocations=3 (full 0):
 PSYoungGen      total 76224K, used 75016K [0x00000007aaeb0000, 0x00000007b03c0000, 0x0000000800000000)
  eden space 65344K, 100% used [0x00000007aaeb0000,0x00000007aee80000,0x00000007aee80000)
  from space 10880K, 88% used [0x00000007af920000,0x00000007b02923c0,0x00000007b03c0000)
  to   space 10880K, 0% used [0x00000007aee80000,0x00000007aee80000,0x00000007af920000)
 ParOldGen       total 174208K, used 2404K [0x0000000700c00000, 0x000000070b620000, 0x00000007aaeb0000)
  object space 174208K, 1% used [0x0000000700c00000,0x0000000700e59330,0x000000070b620000)
 PSPermGen       total 21248K, used 16693K [0x00000006fba00000, 0x00000006fcec0000, 0x0000000700c00000)
  object space 21248K, 78% used [0x00000006fba00000,0x00000006fca4d430,0x00000006fcec0000)
Event: 11.497 GC heap after
Heap after GC invocations=3 (full 0):
 PSYoungGen      total 76224K, used 5784K [0x00000007aaeb0000, 0x00000007b03c0000, 0x0000000800000000)
  eden space 65344K, 0% used [0x00000007aaeb0000,0x00000007aaeb0000,0x00000007aee80000)
  from space 10880K, 53% used [0x00000007aee80000,0x00000007af4263d0,0x00000007af920000)
  to   space 10880K, 0% used [0x00000007af920000,0x00000007af920000,0x00000007b03c0000)
 ParOldGen       total 174208K, used 2412K [0x0000000700c00000, 0x000000070b620000, 0x00000007aaeb0000)
  object space 174208K, 1% used [0x0000000700c00000,0x0000000700e5b330,0x000000070b620000)
 PSPermGen       total 21248K, used 16693K [0x00000006fba00000, 0x00000006fcec0000, 0x0000000700c00000)
  object space 21248K, 78% used [0x00000006fba00000,0x00000006fca4d430,0x00000006fcec0000)
}
Event: 13.345 GC heap before
{Heap before GC invocations=4 (full 0):
 PSYoungGen      total 76224K, used 71128K [0x00000007aaeb0000, 0x00000007b03c0000, 0x0000000800000000)
  eden space 65344K, 100% used [0x00000007aaeb0000,0x00000007aee80000,0x00000007aee80000)
  from space 10880K, 53% used [0x00000007aee80000,0x00000007af4263d0,0x00000007af920000)
  to   space 10880K, 0% used [0x00000007af920000,0x00000007af920000,0x00000007b03c0000)
 ParOldGen       total 174208K, used 2412K [0x0000000700c00000, 0x000000070b620000, 0x00000007aaeb0000)
  object space 174208K, 1% used [0x0000000700c00000,0x0000000700e5b330,0x000000070b620000)
 PSPermGen       total 21248K, used 16746K [0x00000006fba00000, 0x00000006fcec0000, 0x0000000700c00000)
  object space 21248K, 78% used [0x00000006fba00000,0x00000006fca5ab20,0x00000006fcec0000)
Event: 13.355 GC heap after
Heap after GC invocations=4 (full 0):
 PSYoungGen      total 76224K, used 6414K [0x00000007aaeb0000, 0x00000007b03c0000, 0x0000000800000000)
  eden space 65344K, 0% used [0x00000007aaeb0000,0x00000007aaeb0000,0x00000007aee80000)
  from space 10880K, 58% used [0x00000007af920000,0x00000007aff63be0,0x00000007b03c0000)
  to   space 10880K, 0% used [0x00000007aee80000,0x00000007aee80000,0x00000007af920000)
 ParOldGen       total 174208K, used 2420K [0x0000000700c00000, 0x000000070b620000, 0x00000007aaeb0000)
  object space 174208K, 1% used [0x0000000700c00000,0x0000000700e5d330,0x000000070b620000)
 PSPermGen       total 21248K, used 16746K [0x00000006fba00000, 0x00000006fcec0000, 0x0000000700c00000)
  object space 21248K, 78% used [0x00000006fba00000,0x00000006fca5ab20,0x00000006fcec0000)
}
Event: 18.033 GC heap before
{Heap before GC invocations=5 (full 0):
 PSYoungGen      total 76224K, used 71758K [0x00000007aaeb0000, 0x00000007b03c0000, 0x0000000800000000)
  eden space 65344K, 100% used [0x00000007aaeb0000,0x00000007aee80000,0x00000007aee80000)
  from space 10880K, 58% used [0x00000007af920000,0x00000007aff63be0,0x00000007b03c0000)
  to   space 10880K, 0% used [0x00000007aee80000,0x00000007aee80000,0x00000007af920000)
 ParOldGen       total 174208K, used 2420K [0x0000000700c00000, 0x000000070b620000, 0x00000007aaeb0000)
  object space 174208K, 1% used [0x0000000700c00000,0x0000000700e5d330,0x000000070b620000)
 PSPermGen       total 21248K, used 16789K [0x00000006fba00000, 0x00000006fcec0000, 0x0000000700c00000)
  object space 21248K, 79% used [0x00000006fba00000,0x00000006fca65478,0x00000006fcec0000)
Event: 18.054 GC heap after
Heap after GC invocations=5 (full 0):
 PSYoungGen      total 74624K, used 6784K [0x00000007aaeb0000, 0x00000007b08b0000, 0x0000000800000000)
  eden space 63744K, 0% used [0x00000007aaeb0000,0x00000007aaeb0000,0x00000007aecf0000)
  from space 10880K, 62% used [0x00000007aee80000,0x00000007af520368,0x00000007af920000)
  to   space 14208K, 0% used [0x00000007afad0000,0x00000007afad0000,0x00000007b08b0000)
 ParOldGen       total 174208K, used 2428K [0x0000000700c00000, 0x000000070b620000, 0x00000007aaeb0000)
  object space 174208K, 1% used [0x0000000700c00000,0x0000000700e5f330,0x000000070b620000)
 PSPermGen       total 21248K, used 16789K [0x00000006fba00000, 0x00000006fcec0000, 0x0000000700c00000)
  object space 21248K, 79% used [0x00000006fba00000,0x00000006fca65478,0x00000006fcec0000)
}
Event: 20.424 GC heap before
{Heap before GC invocations=6 (full 0):
 PSYoungGen      total 74624K, used 70528K [0x00000007aaeb0000, 0x00000007b08b0000, 0x0000000800000000)
  eden space 63744K, 100% used [0x00000007aaeb0000,0x00000007aecf0000,0x00000007aecf0000)
  from space 10880K, 62% used [0x00000007aee80000,0x00000007af520368,0x00000007af920000)
  to   space 14208K, 0% used [0x00000007afad0000,0x00000007afad0000,0x00000007b08b0000)
 ParOldGen       total 174208K, used 2428K [0x0000000700c00000, 0x000000070b620000, 0x00000007aaeb0000)
  object space 174208K, 1% used [0x0000000700c00000,0x0000000700e5f330,0x000000070b620000)
 PSPermGen       total 21248K, used 16795K [0x00000006fba00000, 0x00000006fcec0000, 0x0000000700c00000)
  object space 21248K, 79% used [0x00000006fba00000,0x00000006fca66fe0,0x00000006fcec0000)
Event: 20.433 GC heap after
Heap after GC invocations=6 (full 0):
 PSYoungGen      total 73600K, used 8931K [0x00000007aaeb0000, 0x00000007b05f0000, 0x0000000800000000)
  eden space 62208K, 0% used [0x00000007aaeb0000,0x00000007aaeb0000,0x00000007aeb70000)
  from space 11392K, 78% used [0x00000007afad0000,0x00000007b0388f08,0x00000007b05f0000)
  to   space 13568K, 0% used [0x00000007aeb70000,0x00000007aeb70000,0x00000007af8b0000)
 ParOldGen       total 174208K, used 2436K [0x0000000700c00000, 0x000000070b620000, 0x00000007aaeb0000)
  object space 174208K, 1% used [0x0000000700c00000,0x0000000700e61330,0x000000070b620000)
 PSPermGen       total 21248K, used 16795K [0x00000006fba00000, 0x00000006fcec0000, 0x0000000700c00000)
  object space 21248K, 79% used [0x00000006fba00000,0x00000006fca66fe0,0x00000006fcec0000)
}
Event: 25.471 GC heap before
{Heap before GC invocations=7 (full 0):
 PSYoungGen      total 73600K, used 71139K [0x00000007aaeb0000, 0x00000007b05f0000, 0x0000000800000000)
  eden space 62208K, 100% used [0x00000007aaeb0000,0x00000007aeb70000,0x00000007aeb70000)
  from space 11392K, 78% used [0x00000007afad0000,0x00000007b0388f08,0x00000007b05f0000)
  to   space 13568K, 0% used [0x00000007aeb70000,0x00000007aeb70000,0x00000007af8b0000)
 ParOldGen       total 174208K, used 2436K [0x0000000700c00000, 0x000000070b620000, 0x00000007aaeb0000)
  object space 174208K, 1% used [0x0000000700c00000,0x0000000700e61330,0x000000070b620000)
 PSPermGen       total 21248K, used 16822K [0x00000006fba00000, 0x00000006fcec0000, 0x0000000700c00000)
  object space 21248K, 79% used [0x00000006fba00000,0x00000006fca6db70,0x00000006fcec0000)
Event: 25.487 GC heap after
Heap after GC invocations=7 (full 0):
 PSYoungGen      total 62592K, used 1840K [0x00000007aaeb0000, 0x00000007b0600000, 0x0000000800000000)
  eden space 60736K, 0% used [0x00000007aaeb0000,0x00000007aaeb0000,0x00000007aea00000)
  from space 1856K, 99% used [0x00000007aeb70000,0x00000007aed3c110,0x00000007aed40000)
  to   space 14336K, 0% used [0x00000007af800000,0x00000007af800000,0x00000007b0600000)
 ParOldGen       total 174208K, used 7400K [0x0000000700c00000, 0x000000070b620000, 0x00000007aaeb0000)
  object space 174208K, 4% used [0x0000000700c00000,0x000000070133a238,0x000000070b620000)
 PSPermGen       total 21248K, used 16822K [0x00000006fba00000, 0x00000006fcec0000, 0x0000000700c00000)
  object space 21248K, 79% used [0x00000006fba00000,0x00000006fca6db70,0x00000006fcec0000)
}

